19:38:39.401 [main] INFO  testCases.TC001_AccountRegistrationTest - ****** Ending TC001_AccountRegistrationTest ******
19:40:13.998 [main] INFO  testCases.TC002_LoginTest - ****** Starting TC002_LoginTest ******
19:40:14.263 [main] INFO  testCases.TC002_LoginTest - ****** Clicked on My Account Link ******
19:40:14.667 [main] INFO  testCases.TC002_LoginTest - ****** Clicked on My Login Link ******
19:40:14.889 [main] INFO  testCases.TC002_LoginTest - ****** Validating My Account Text ******
19:40:15.296 [main] INFO  testCases.TC002_LoginTest - ****** Ending TC002_LoginTest ******
19:40:16.990 [main] INFO  testCases.TC001_AccountRegistrationTest - ****** Starting TC001_AccountRegistrationTest ******
19:40:17.259 [main] INFO  testCases.TC001_AccountRegistrationTest - ****** Clicked on My Account Link ******
19:40:17.660 [main] INFO  testCases.TC001_AccountRegistrationTest - ****** Clicked on Register Link ******
19:40:17.680 [main] INFO  testCases.TC001_AccountRegistrationTest - ****** Enter the Regestration Details ******
19:40:18.129 [main] INFO  testCases.TC001_AccountRegistrationTest - ****** Validating Account has be created ******
19:40:20.554 [main] INFO  testCases.TC001_AccountRegistrationTest - ****** Ending TC001_AccountRegistrationTest ******
19:43:43.956 [main] INFO  testCases.TC002_LoginTest - ****** Starting TC002_LoginTest ******
19:43:44.219 [main] INFO  testCases.TC002_LoginTest - ****** Clicked on My Account Link ******
19:43:44.573 [main] INFO  testCases.TC002_LoginTest - ****** Clicked on My Login Link ******
19:43:44.779 [main] INFO  testCases.TC002_LoginTest - ****** Validating My Account Text ******
19:43:45.165 [main] INFO  testCases.TC002_LoginTest - ****** Ending TC002_LoginTest ******
19:43:46.777 [main] INFO  testCases.TC001_AccountRegistrationTest - ****** Starting TC001_AccountRegistrationTest ******
19:43:47.054 [main] INFO  testCases.TC001_AccountRegistrationTest - ****** Clicked on My Account Link ******
19:43:47.461 [main] INFO  testCases.TC001_AccountRegistrationTest - ****** Clicked on Register Link ******
19:43:47.464 [main] INFO  testCases.TC001_AccountRegistrationTest - ****** Enter the Regestration Details ******
19:43:47.939 [main] INFO  testCases.TC001_AccountRegistrationTest - ****** Validating Account has be created ******
19:43:50.426 [main] INFO  testCases.TC001_AccountRegistrationTest - ****** Ending TC001_AccountRegistrationTest ******
